<?xml version="1.0" encoding="UTF-8"?>
<!-- Generated by org.testng.reporters.JUnitReportReporter -->
<testsuite skipped="0" hostname="Liku" name="rest_assured.rest_assured.GoogleDelete" tests="1" failures="0" timestamp="01 Feb 2019 13:49:18 GMT" time="0.245" errors="0">
  <testcase name="DeletePlace" time="0.245" classname="rest_assured.rest_assured.GoogleDelete"/>
</testsuite> <!-- rest_assured.rest_assured.GoogleDelete -->
