<?xml version="1.0" encoding="UTF-8"?>
<!-- Generated by org.testng.reporters.JUnitReportReporter -->
<testsuite skipped="0" hostname="Liku" name="restAssured.Demo.Basic1" tests="1" failures="0" timestamp="27 Jan 2019 09:03:36 GMT" time="4.212" errors="0">
  <testcase name="GetCall" time="4.212" classname="restAssured.Demo.Basic1"/>
</testsuite> <!-- restAssured.Demo.Basic1 -->
