<?xml version="1.0" encoding="UTF-8"?>
<!-- Generated by org.testng.reporters.JUnitReportReporter -->
<testsuite skipped="0" hostname="Liku" name="rest_assured.rest_assured.GooglePost_JsonTest" tests="1" failures="0" timestamp="09 Apr 2019 16:50:48 GMT" time="4.587" errors="0">
  <testcase name="googlePostWithJsonFile" time="4.587" classname="rest_assured.rest_assured.GooglePost_JsonTest"/>
</testsuite> <!-- rest_assured.rest_assured.GooglePost_JsonTest -->
