<?xml version="1.0" encoding="UTF-8"?>
<!-- Generated by org.testng.reporters.JUnitReportReporter -->
<testsuite skipped="0" hostname="Liku" name="rest_assured.rest_assured.GoogleGetTest" tests="1" failures="0" timestamp="25 Jul 2019 15:18:25 GMT" time="10.462" errors="0">
  <testcase name="Get" time="10.462" classname="rest_assured.rest_assured.GoogleGetTest"/>
</testsuite> <!-- rest_assured.rest_assured.GoogleGetTest -->
