<?xml version="1.0" encoding="UTF-8"?>
<!-- Generated by org.testng.reporters.JUnitReportReporter -->
<testsuite skipped="0" hostname="Liku" name="rest_assured.rest_assured.GoogleJsonParsing" tests="1" failures="0" timestamp="01 Feb 2019 13:49:18 GMT" time="1.085" errors="0">
  <testcase name="Get" time="1.085" classname="rest_assured.rest_assured.GoogleJsonParsing"/>
</testsuite> <!-- rest_assured.rest_assured.GoogleJsonParsing -->
