<?xml version="1.0" encoding="UTF-8"?>
<!-- Generated by org.testng.reporters.JUnitReportReporter -->
<testsuite skipped="0" hostname="Liku" name="rest_assured.rest_assured.Twitter_APIs_Test" tests="3" failures="0" timestamp="14 Jul 2019 12:08:56 GMT" time="13.704" errors="0">
  <testcase name="createTweet" time="0.702" classname="rest_assured.rest_assured.Twitter_APIs_Test"/>
  <testcase name="E2E" time="12.298" classname="rest_assured.rest_assured.Twitter_APIs_Test"/>
  <testcase name="getLatestTweet" time="0.704" classname="rest_assured.rest_assured.Twitter_APIs_Test"/>
</testsuite> <!-- rest_assured.rest_assured.Twitter_APIs_Test -->
