<?xml version="1.0" encoding="UTF-8"?>
<!-- Generated by org.testng.reporters.JUnitReportReporter -->
<testsuite skipped="0" hostname="Liku" name="rest_assured.rest_assured.GooglePostTest" tests="1" failures="0" timestamp="02 Feb 2019 10:58:31 GMT" time="0.116" errors="0">
  <testcase name="Post" time="0.116" classname="rest_assured.rest_assured.GooglePostTest"/>
</testsuite> <!-- rest_assured.rest_assured.GooglePostTest -->
