<?xml version="1.0" encoding="UTF-8"?>
<!-- Generated by org.testng.reporters.JUnitReportReporter -->
<testsuite skipped="0" hostname="Liku" name="rest_assured.rest_assured.GooglePostWithParametrisedBody" tests="4" failures="0" timestamp="26 Jan 2019 18:59:30 GMT" time="3.188" errors="0">
  <testcase name="Book" time="0.111" classname="rest_assured.rest_assured.GooglePostWithParametrisedBody"/>
  <testcase name="Book" time="0.102" classname="rest_assured.rest_assured.GooglePostWithParametrisedBody"/>
  <testcase name="Book" time="2.876" classname="rest_assured.rest_assured.GooglePostWithParametrisedBody"/>
  <testcase name="Book" time="0.099" classname="rest_assured.rest_assured.GooglePostWithParametrisedBody"/>
</testsuite> <!-- rest_assured.rest_assured.GooglePostWithParametrisedBody -->
