<?xml version="1.0" encoding="UTF-8"?>
<!-- Generated by org.testng.reporters.JUnitReportReporter -->
<testsuite skipped="0" hostname="Liku" name="restAssured.Demo.Google_GetCall" tests="1" failures="0" timestamp="16 Apr 2019 16:08:26 GMT" time="4.977" errors="0">
  <testcase name="GetCall" time="4.977" classname="restAssured.Demo.Google_GetCall"/>
</testsuite> <!-- restAssured.Demo.Google_GetCall -->
