<?xml version="1.0" encoding="UTF-8"?>
<!-- Generated by org.testng.reporters.JUnitReportReporter -->
<testsuite skipped="0" hostname="Liku" name="rest_assured.rest_assured.AddBookTest" tests="1" failures="0" timestamp="23 Apr 2019 06:42:04 GMT" time="5.015" errors="0">
  <testcase name="AddBook" time="5.015" classname="rest_assured.rest_assured.AddBookTest"/>
</testsuite> <!-- rest_assured.rest_assured.AddBookTest -->
