<?xml version="1.0" encoding="UTF-8"?>
<!-- Generated by org.testng.reporters.JUnitReportReporter -->
<testsuite skipped="0" hostname="Liku" name="rest_assured.rest_assured.LibraryPostWithParametrisedBodyTest" tests="4" failures="0" timestamp="23 Apr 2019 05:10:13 GMT" time="5.245" errors="0">
  <testcase name="Book" time="0.373" classname="rest_assured.rest_assured.LibraryPostWithParametrisedBodyTest"/>
  <testcase name="Book" time="0.393" classname="rest_assured.rest_assured.LibraryPostWithParametrisedBodyTest"/>
  <testcase name="Book" time="4.121" classname="rest_assured.rest_assured.LibraryPostWithParametrisedBodyTest"/>
  <testcase name="Book" time="0.358" classname="rest_assured.rest_assured.LibraryPostWithParametrisedBodyTest"/>
</testsuite> <!-- rest_assured.rest_assured.LibraryPostWithParametrisedBodyTest -->
