<?xml version="1.0" encoding="UTF-8"?>
<!-- Generated by org.testng.reporters.JUnitReportReporter -->
<testsuite skipped="0" hostname="Liku" name="rest_assured.rest_assured.GoogleGet" tests="1" failures="0" timestamp="01 Feb 2019 13:49:18 GMT" time="0.807" errors="0">
  <testcase name="Get" time="0.807" classname="rest_assured.rest_assured.GoogleGet"/>
</testsuite> <!-- rest_assured.rest_assured.GoogleGet -->
