<?xml version="1.0" encoding="UTF-8"?>
<!-- Generated by org.testng.reporters.JUnitReportReporter -->
<testsuite skipped="0" hostname="Liku" name="rest_assured.rest_assured.Basic1" tests="1" failures="0" timestamp="25 Jan 2019 18:14:42 GMT" time="4.074" errors="0">
  <testcase name="Post" time="4.074" classname="rest_assured.rest_assured.Basic1"/>
</testsuite> <!-- rest_assured.rest_assured.Basic1 -->
