<?xml version="1.0" encoding="UTF-8"?>
<!-- Generated by org.testng.reporters.JUnitReportReporter -->
<testsuite skipped="0" hostname="Liku" name="rest_assured.rest_assured.GooglePostTest" tests="1" failures="0" timestamp="30 Jun 2019 08:20:43 GMT" time="4.806" errors="0">
  <testcase name="Post" time="4.806" classname="rest_assured.rest_assured.GooglePostTest"/>
</testsuite> <!-- rest_assured.rest_assured.GooglePostTest -->
