<?xml version="1.0" encoding="UTF-8"?>
<!-- Generated by org.testng.reporters.JUnitReportReporter -->
<testsuite skipped="0" hostname="Liku" name="rest_assured.rest_assured.Twitter_APIs_Test" tests="3" failures="0" timestamp="05 May 2019 10:36:53 GMT" time="11.297" errors="0">
  <testcase name="createTweet" time="0.789" classname="rest_assured.rest_assured.Twitter_APIs_Test"/>
  <testcase name="E2E" time="9.776" classname="rest_assured.rest_assured.Twitter_APIs_Test"/>
  <testcase name="getLatestTweet" time="0.732" classname="rest_assured.rest_assured.Twitter_APIs_Test"/>
</testsuite> <!-- rest_assured.rest_assured.Twitter_APIs_Test -->
