<?xml version="1.0" encoding="UTF-8"?>
<!-- Generated by org.testng.reporters.JUnitReportReporter -->
<testsuite skipped="0" hostname="Liku" name="rest_assured.rest_assured.GoogleDeleteTest" tests="1" failures="0" timestamp="17 Apr 2019 15:18:50 GMT" time="4.761" errors="0">
  <testcase name="DeletePlace" time="4.761" classname="rest_assured.rest_assured.GoogleDeleteTest"/>
</testsuite> <!-- rest_assured.rest_assured.GoogleDeleteTest -->
