<?xml version="1.0" encoding="UTF-8"?>
<!-- Generated by org.testng.reporters.JUnitReportReporter -->
<testsuite skipped="0" hostname="Liku" name="rest_assured.rest_assured.GoogleDeleteTest" tests="1" failures="0" timestamp="08 Oct 2019 14:22:19 GMT" time="5.453" errors="0">
  <testcase name="DeletePlace" time="5.453" classname="rest_assured.rest_assured.GoogleDeleteTest"/>
</testsuite> <!-- rest_assured.rest_assured.GoogleDeleteTest -->
