<?xml version="1.0" encoding="UTF-8"?>
<!-- Generated by org.testng.reporters.JUnitReportReporter -->
<testsuite skipped="0" hostname="Liku" name="rest_assured.rest_assured.GooglePostTest" tests="1" failures="0" timestamp="08 Oct 2019 14:22:19 GMT" time="0.189" errors="0">
  <testcase name="Post" time="0.189" classname="rest_assured.rest_assured.GooglePostTest"/>
</testsuite> <!-- rest_assured.rest_assured.GooglePostTest -->
