<?xml version="1.0" encoding="UTF-8"?>
<!-- Generated by org.testng.reporters.JUnitReportReporter -->
<testsuite skipped="0" hostname="Liku" name="rest_assured.rest_assured.Basic" tests="1" failures="0" timestamp="25 Jan 2019 18:10:56 GMT" time="4.579" errors="0">
  <testcase name="Get" time="4.579" classname="rest_assured.rest_assured.Basic"/>
</testsuite> <!-- rest_assured.rest_assured.Basic -->
