<?xml version="1.0" encoding="UTF-8"?>
<!-- Generated by org.testng.reporters.JUnitReportReporter -->
<testsuite skipped="0" hostname="Liku" name="rest_assured.rest_assured.GoogleGetTest" tests="1" failures="0" timestamp="04 Aug 2019 12:39:06 GMT" time="5.281" errors="0">
  <testcase name="Get" time="5.281" classname="rest_assured.rest_assured.GoogleGetTest"/>
</testsuite> <!-- rest_assured.rest_assured.GoogleGetTest -->
