<?xml version="1.0" encoding="UTF-8"?>
<!-- Generated by org.testng.reporters.JUnitReportReporter -->
<testsuite skipped="0" hostname="Liku" name="rest_assured.rest_assured.Jira_APIs_Test" tests="3" failures="0" timestamp="23 Apr 2019 03:37:47 GMT" time="8.182" errors="0">
  <testcase name="createTweet" time="1.269" classname="rest_assured.rest_assured.Jira_APIs_Test"/>
  <testcase name="E2E" time="5.629" classname="rest_assured.rest_assured.Jira_APIs_Test"/>
  <testcase name="getLatestTweet" time="1.284" classname="rest_assured.rest_assured.Jira_APIs_Test"/>
</testsuite> <!-- rest_assured.rest_assured.Jira_APIs_Test -->
