<?xml version="1.0" encoding="UTF-8"?>
<!-- Generated by org.testng.reporters.JUnitReportReporter -->
<testsuite skipped="0" hostname="Liku" name="rest_assured.rest_assured.Delete_Place" tests="1" failures="0" timestamp="25 Jan 2019 17:28:29 GMT" time="3.699" errors="0">
  <testcase name="DeletePlace" time="3.699" classname="rest_assured.rest_assured.Delete_Place"/>
</testsuite> <!-- rest_assured.rest_assured.Delete_Place -->
