<?xml version="1.0" encoding="UTF-8"?>
<!-- Generated by org.testng.reporters.JUnitReportReporter -->
<testsuite skipped="0" hostname="Liku" name="rest_assured.rest_assured.GoogleDeleteTest" tests="1" failures="0" timestamp="30 Jun 2019 08:32:57 GMT" time="5.551" errors="0">
  <testcase name="DeletePlace" time="5.551" classname="rest_assured.rest_assured.GoogleDeleteTest"/>
</testsuite> <!-- rest_assured.rest_assured.GoogleDeleteTest -->
