<?xml version="1.0" encoding="UTF-8"?>
<!-- Generated by org.testng.reporters.JUnitReportReporter -->
<testsuite skipped="0" hostname="Liku" name="rest_assured.rest_assured.GoogleGetTest" tests="1" failures="0" timestamp="02 Feb 2019 10:58:31 GMT" time="4.539" errors="0">
  <testcase name="Get" time="4.539" classname="rest_assured.rest_assured.GoogleGetTest"/>
</testsuite> <!-- rest_assured.rest_assured.GoogleGetTest -->
