<?xml version="1.0" encoding="UTF-8"?>
<!-- Generated by org.testng.reporters.JUnitReportReporter -->
<testsuite skipped="0" hostname="Liku" name="rest_assured.rest_assured.LibraryPostWithParametrisedBodyTest" tests="4" failures="0" timestamp="11 Jul 2019 14:41:28 GMT" time="14.018" errors="0">
  <testcase name="Book" time="0.293" classname="rest_assured.rest_assured.LibraryPostWithParametrisedBodyTest"/>
  <testcase name="Book" time="1.216" classname="rest_assured.rest_assured.LibraryPostWithParametrisedBodyTest"/>
  <testcase name="Book" time="12.305" classname="rest_assured.rest_assured.LibraryPostWithParametrisedBodyTest"/>
  <testcase name="Book" time="0.204" classname="rest_assured.rest_assured.LibraryPostWithParametrisedBodyTest"/>
</testsuite> <!-- rest_assured.rest_assured.LibraryPostWithParametrisedBodyTest -->
